[0;31m  ERROR[0m - [0;33m15/Jul/2014 01:09:23[0m NoMethodError - undefined method `email' for nil:NilClass:
 /home/admin/g/Gather/app/controllers/user.rb:11:in `block (2 levels) in <top (required)>'
 /home/admin/.rvm/gems/ruby-2.1.1/gems/padrino-core-0.12.2/lib/padrino-core/application/routing.rb:735:in `call'
 /home/admin/.rvm/gems/ruby-2.1.1/gems/padrino-core-0.12.2/lib/padrino-core/application/routing.rb:735:in `block in route'
 /home/admin/.rvm/gems/ruby-2.1.1/gems/padrino-core-0.12.2/lib/padrino-core/application/routing.rb:62:in `[]'
 /home/admin/.rvm/gems/ruby-2.1.1/gems/padrino-core-0.12.2/lib/padrino-core/application/routing.rb:62:in `block (3 levels) in process_destination_path'
 /home/admin/.rvm/gems/ruby-2.1.1/gems/sinatra-1.4.5/lib/sinatra/base.rb:985:in `route_eval'
 /home/admin/.rvm/gems/ruby-2.1.1/gems/padrino-core-0.12.2/lib/padrino-core/application/routing.rb:62:in `block (2 levels) in process_destination_path'
 /home/admin/.rvm/gems/ruby-2.1.1/gems/padrino-core-0.12.2/lib/padrino-core/application/routing.rb:62:in `catch'
 /home/admin/.rvm/gems/ruby-2.1.1/gems/padrino-core-0.12.2/lib/padrino-core/application/routing.rb:62:in `block in process_destination_path'
 /home/admin/.rvm/gems/ruby-2.1.1/gems/padrino-core-0.12.2/lib/padrino-core/application/routing.rb:37:in `instance_eval'
 /home/admin/.rvm/gems/ruby-2.1.1/gems/padrino-core-0.12.2/lib/padrino-core/application/routing.rb:37:in `process_destination_path'
 (eval):366:in `block in call'
 (eval):355:in `catch'
 (eval):355:in `call'
 /home/admin/.rvm/gems/ruby-2.1.1/gems/http_router-0.11.1/lib/http_router.rb:288:in `raw_call'
 /home/admin/.rvm/gems/ruby-2.1.1/gems/padrino-core-0.12.2/lib/padrino-core/application/routing.rb:1169:in `route!'
 /home/admin/.rvm/gems/ruby-2.1.1/gems/padrino-core-0.12.2/lib/padrino-core/application/routing.rb:1154:in `block in dispatch!'
 /home/admin/.rvm/gems/ruby-2.1.1/gems/sinatra-1.4.5/lib/sinatra/base.rb:1058:in `block in invoke'
 /home/admin/.rvm/gems/ruby-2.1.1/gems/sinatra-1.4.5/lib/sinatra/base.rb:1058:in `catch'
 /home/admin/.rvm/gems/ruby-2.1.1/gems/sinatra-1.4.5/lib/sinatra/base.rb:1058:in `invoke'
 /home/admin/.rvm/gems/ruby-2.1.1/gems/padrino-core-0.12.2/lib/padrino-core/application/routing.rb:1152:in `dispatch!'
 /home/admin/.rvm/gems/ruby-2.1.1/gems/sinatra-1.4.5/lib/sinatra/base.rb:898:in `block in call!'
 /home/admin/.rvm/gems/ruby-2.1.1/gems/sinatra-1.4.5/lib/sinatra/base.rb:1058:in `block in invoke'
 /home/admin/.rvm/gems/ruby-2.1.1/gems/sinatra-1.4.5/lib/sinatra/base.rb:1058:in `catch'
 /home/admin/.rvm/gems/ruby-2.1.1/gems/sinatra-1.4.5/lib/sinatra/base.rb:1058:in `invoke'
 /home/admin/.rvm/gems/ruby-2.1.1/gems/sinatra-1.4.5/lib/sinatra/base.rb:898:in `call!'
 /home/admin/.rvm/gems/ruby-2.1.1/gems/sinatra-1.4.5/lib/sinatra/base.rb:886:in `call'
 /home/admin/.rvm/gems/ruby-2.1.1/bundler/gems/padrino-sprockets-ae18862677fe/lib/padrino/sprockets.rb:89:in `call'
 /home/admin/.rvm/gems/ruby-2.1.1/gems/rack-protection-1.5.3/lib/rack/protection/base.rb:49:in `call'
 /home/admin/.rvm/gems/ruby-2.1.1/gems/rack-protection-1.5.3/lib/rack/protection/xss_header.rb:18:in `call'
 /home/admin/.rvm/gems/ruby-2.1.1/gems/rack-protection-1.5.3/lib/rack/protection/base.rb:49:in `call'
 /home/admin/.rvm/gems/ruby-2.1.1/gems/rack-protection-1.5.3/lib/rack/protection/base.rb:49:in `call'
 /home/admin/.rvm/gems/ruby-2.1.1/gems/rack-protection-1.5.3/lib/rack/protection/json_csrf.rb:18:in `call'
 /home/admin/.rvm/gems/ruby-2.1.1/gems/rack-protection-1.5.3/lib/rack/protection/base.rb:49:in `call'
 /home/admin/.rvm/gems/ruby-2.1.1/gems/rack-protection-1.5.3/lib/rack/protection/base.rb:49:in `call'
 /home/admin/.rvm/gems/ruby-2.1.1/gems/rack-protection-1.5.3/lib/rack/protection/frame_options.rb:31:in `call'
 /home/admin/.rvm/gems/ruby-2.1.1/gems/rack-1.5.2/lib/rack/head.rb:11:in `call'
 /home/admin/.rvm/gems/ruby-2.1.1/gems/rack-1.5.2/lib/rack/methodoverride.rb:21:in `call'
 /home/admin/.rvm/gems/ruby-2.1.1/gems/rack-1.5.2/lib/rack/session/abstract/id.rb:225:in `context'
 /home/admin/.rvm/gems/ruby-2.1.1/gems/rack-1.5.2/lib/rack/session/abstract/id.rb:220:in `call'
 /home/admin/.rvm/gems/ruby-2.1.1/gems/sinatra-1.4.5/lib/sinatra/base.rb:2014:in `call'
 /home/admin/.rvm/gems/ruby-2.1.1/gems/sinatra-1.4.5/lib/sinatra/base.rb:1478:in `block in call'
 /home/admin/.rvm/gems/ruby-2.1.1/gems/sinatra-1.4.5/lib/sinatra/base.rb:1788:in `synchronize'
 /home/admin/.rvm/gems/ruby-2.1.1/gems/sinatra-1.4.5/lib/sinatra/base.rb:1478:in `call'
 /home/admin/.rvm/gems/ruby-2.1.1/gems/padrino-core-0.12.2/lib/padrino-core/router.rb:84:in `block in call'
 /home/admin/.rvm/gems/ruby-2.1.1/gems/padrino-core-0.12.2/lib/padrino-core/router.rb:75:in `each'
 /home/admin/.rvm/gems/ruby-2.1.1/gems/padrino-core-0.12.2/lib/padrino-core/router.rb:75:in `call'
 /home/admin/.rvm/gems/ruby-2.1.1/gems/thin-1.6.2/lib/thin/connection.rb:86:in `block in pre_process'
 /home/admin/.rvm/gems/ruby-2.1.1/gems/thin-1.6.2/lib/thin/connection.rb:84:in `catch'
 /home/admin/.rvm/gems/ruby-2.1.1/gems/thin-1.6.2/lib/thin/connection.rb:84:in `pre_process'
 /home/admin/.rvm/gems/ruby-2.1.1/gems/thin-1.6.2/lib/thin/connection.rb:53:in `process'
 /home/admin/.rvm/gems/ruby-2.1.1/gems/thin-1.6.2/lib/thin/connection.rb:39:in `receive_data'
 /home/admin/.rvm/gems/ruby-2.1.1/gems/eventmachine-1.0.3/lib/eventmachine.rb:187:in `run_machine'
 /home/admin/.rvm/gems/ruby-2.1.1/gems/eventmachine-1.0.3/lib/eventmachine.rb:187:in `run'
 /home/admin/.rvm/gems/ruby-2.1.1/gems/thin-1.6.2/lib/thin/backends/base.rb:73:in `start'
 /home/admin/.rvm/gems/ruby-2.1.1/gems/thin-1.6.2/lib/thin/server.rb:162:in `start'
 /home/admin/.rvm/gems/ruby-2.1.1/gems/rack-1.5.2/lib/rack/handler/thin.rb:16:in `run'
 /home/admin/.rvm/gems/ruby-2.1.1/gems/rack-1.5.2/lib/rack/server.rb:264:in `start'
 /home/admin/.rvm/gems/ruby-2.1.1/gems/rack-1.5.2/lib/rack/server.rb:141:in `start'
 /home/admin/.rvm/gems/ruby-2.1.1/gems/rack-1.5.2/bin/rackup:4:in `<top (required)>'
 /home/admin/.rvm/gems/ruby-2.1.1/bin/rackup:23:in `load'
 /home/admin/.rvm/gems/ruby-2.1.1/bin/rackup:23:in `<main>'
 /home/admin/.rvm/gems/ruby-2.1.1/bin/ruby_executable_hooks:15:in `eval'
 /home/admin/.rvm/gems/ruby-2.1.1/bin/ruby_executable_hooks:15:in `<main>'
[0;31m  ERROR[0m - [0;33m15/Jul/2014 04:51:09[0m NoMethodError - undefined method `email' for nil:NilClass:
 /home/admin/g/Gather/app/controllers/user.rb:11:in `block (2 levels) in <top (required)>'
 /home/admin/.rvm/gems/ruby-2.1.1/gems/padrino-core-0.12.2/lib/padrino-core/application/routing.rb:735:in `call'
 /home/admin/.rvm/gems/ruby-2.1.1/gems/padrino-core-0.12.2/lib/padrino-core/application/routing.rb:735:in `block in route'
 /home/admin/.rvm/gems/ruby-2.1.1/gems/padrino-core-0.12.2/lib/padrino-core/application/routing.rb:62:in `[]'
 /home/admin/.rvm/gems/ruby-2.1.1/gems/padrino-core-0.12.2/lib/padrino-core/application/routing.rb:62:in `block (3 levels) in process_destination_path'
 /home/admin/.rvm/gems/ruby-2.1.1/gems/sinatra-1.4.5/lib/sinatra/base.rb:985:in `route_eval'
 /home/admin/.rvm/gems/ruby-2.1.1/gems/padrino-core-0.12.2/lib/padrino-core/application/routing.rb:62:in `block (2 levels) in process_destination_path'
 /home/admin/.rvm/gems/ruby-2.1.1/gems/padrino-core-0.12.2/lib/padrino-core/application/routing.rb:62:in `catch'
 /home/admin/.rvm/gems/ruby-2.1.1/gems/padrino-core-0.12.2/lib/padrino-core/application/routing.rb:62:in `block in process_destination_path'
 /home/admin/.rvm/gems/ruby-2.1.1/gems/padrino-core-0.12.2/lib/padrino-core/application/routing.rb:37:in `instance_eval'
 /home/admin/.rvm/gems/ruby-2.1.1/gems/padrino-core-0.12.2/lib/padrino-core/application/routing.rb:37:in `process_destination_path'
 (eval):366:in `block in call'
 (eval):355:in `catch'
 (eval):355:in `call'
 /home/admin/.rvm/gems/ruby-2.1.1/gems/http_router-0.11.1/lib/http_router.rb:288:in `raw_call'
 /home/admin/.rvm/gems/ruby-2.1.1/gems/padrino-core-0.12.2/lib/padrino-core/application/routing.rb:1169:in `route!'
 /home/admin/.rvm/gems/ruby-2.1.1/gems/padrino-core-0.12.2/lib/padrino-core/application/routing.rb:1154:in `block in dispatch!'
 /home/admin/.rvm/gems/ruby-2.1.1/gems/sinatra-1.4.5/lib/sinatra/base.rb:1058:in `block in invoke'
 /home/admin/.rvm/gems/ruby-2.1.1/gems/sinatra-1.4.5/lib/sinatra/base.rb:1058:in `catch'
 /home/admin/.rvm/gems/ruby-2.1.1/gems/sinatra-1.4.5/lib/sinatra/base.rb:1058:in `invoke'
 /home/admin/.rvm/gems/ruby-2.1.1/gems/padrino-core-0.12.2/lib/padrino-core/application/routing.rb:1152:in `dispatch!'
 /home/admin/.rvm/gems/ruby-2.1.1/gems/sinatra-1.4.5/lib/sinatra/base.rb:898:in `block in call!'
 /home/admin/.rvm/gems/ruby-2.1.1/gems/sinatra-1.4.5/lib/sinatra/base.rb:1058:in `block in invoke'
 /home/admin/.rvm/gems/ruby-2.1.1/gems/sinatra-1.4.5/lib/sinatra/base.rb:1058:in `catch'
 /home/admin/.rvm/gems/ruby-2.1.1/gems/sinatra-1.4.5/lib/sinatra/base.rb:1058:in `invoke'
 /home/admin/.rvm/gems/ruby-2.1.1/gems/sinatra-1.4.5/lib/sinatra/base.rb:898:in `call!'
 /home/admin/.rvm/gems/ruby-2.1.1/gems/sinatra-1.4.5/lib/sinatra/base.rb:886:in `call'
 /home/admin/.rvm/gems/ruby-2.1.1/bundler/gems/padrino-sprockets-ae18862677fe/lib/padrino/sprockets.rb:89:in `call'
 /home/admin/.rvm/gems/ruby-2.1.1/gems/rack-protection-1.5.3/lib/rack/protection/base.rb:49:in `call'
 /home/admin/.rvm/gems/ruby-2.1.1/gems/rack-protection-1.5.3/lib/rack/protection/xss_header.rb:18:in `call'
 /home/admin/.rvm/gems/ruby-2.1.1/gems/rack-protection-1.5.3/lib/rack/protection/base.rb:49:in `call'
 /home/admin/.rvm/gems/ruby-2.1.1/gems/rack-protection-1.5.3/lib/rack/protection/base.rb:49:in `call'
 /home/admin/.rvm/gems/ruby-2.1.1/gems/rack-protection-1.5.3/lib/rack/protection/json_csrf.rb:18:in `call'
 /home/admin/.rvm/gems/ruby-2.1.1/gems/rack-protection-1.5.3/lib/rack/protection/base.rb:49:in `call'
 /home/admin/.rvm/gems/ruby-2.1.1/gems/rack-protection-1.5.3/lib/rack/protection/base.rb:49:in `call'
 /home/admin/.rvm/gems/ruby-2.1.1/gems/rack-protection-1.5.3/lib/rack/protection/frame_options.rb:31:in `call'
 /home/admin/.rvm/gems/ruby-2.1.1/gems/rack-1.5.2/lib/rack/head.rb:11:in `call'
 /home/admin/.rvm/gems/ruby-2.1.1/gems/rack-1.5.2/lib/rack/methodoverride.rb:21:in `call'
 /home/admin/.rvm/gems/ruby-2.1.1/gems/rack-1.5.2/lib/rack/session/abstract/id.rb:225:in `context'
 /home/admin/.rvm/gems/ruby-2.1.1/gems/rack-1.5.2/lib/rack/session/abstract/id.rb:220:in `call'
 /home/admin/.rvm/gems/ruby-2.1.1/gems/sinatra-1.4.5/lib/sinatra/base.rb:2014:in `call'
 /home/admin/.rvm/gems/ruby-2.1.1/gems/sinatra-1.4.5/lib/sinatra/base.rb:1478:in `block in call'
 /home/admin/.rvm/gems/ruby-2.1.1/gems/sinatra-1.4.5/lib/sinatra/base.rb:1788:in `synchronize'
 /home/admin/.rvm/gems/ruby-2.1.1/gems/sinatra-1.4.5/lib/sinatra/base.rb:1478:in `call'
 /home/admin/.rvm/gems/ruby-2.1.1/gems/padrino-core-0.12.2/lib/padrino-core/router.rb:84:in `block in call'
 /home/admin/.rvm/gems/ruby-2.1.1/gems/padrino-core-0.12.2/lib/padrino-core/router.rb:75:in `each'
 /home/admin/.rvm/gems/ruby-2.1.1/gems/padrino-core-0.12.2/lib/padrino-core/router.rb:75:in `call'
 /home/admin/.rvm/gems/ruby-2.1.1/gems/thin-1.6.2/lib/thin/connection.rb:86:in `block in pre_process'
 /home/admin/.rvm/gems/ruby-2.1.1/gems/thin-1.6.2/lib/thin/connection.rb:84:in `catch'
 /home/admin/.rvm/gems/ruby-2.1.1/gems/thin-1.6.2/lib/thin/connection.rb:84:in `pre_process'
 /home/admin/.rvm/gems/ruby-2.1.1/gems/thin-1.6.2/lib/thin/connection.rb:53:in `process'
 /home/admin/.rvm/gems/ruby-2.1.1/gems/thin-1.6.2/lib/thin/connection.rb:39:in `receive_data'
 /home/admin/.rvm/gems/ruby-2.1.1/gems/eventmachine-1.0.3/lib/eventmachine.rb:187:in `run_machine'
 /home/admin/.rvm/gems/ruby-2.1.1/gems/eventmachine-1.0.3/lib/eventmachine.rb:187:in `run'
 /home/admin/.rvm/gems/ruby-2.1.1/gems/thin-1.6.2/lib/thin/backends/base.rb:73:in `start'
 /home/admin/.rvm/gems/ruby-2.1.1/gems/thin-1.6.2/lib/thin/server.rb:162:in `start'
 /home/admin/.rvm/gems/ruby-2.1.1/gems/rack-1.5.2/lib/rack/handler/thin.rb:16:in `run'
 /home/admin/.rvm/gems/ruby-2.1.1/gems/rack-1.5.2/lib/rack/server.rb:264:in `start'
 /home/admin/.rvm/gems/ruby-2.1.1/gems/rack-1.5.2/lib/rack/server.rb:141:in `start'
 /home/admin/.rvm/gems/ruby-2.1.1/gems/rack-1.5.2/bin/rackup:4:in `<top (required)>'
 /home/admin/.rvm/gems/ruby-2.1.1/bin/rackup:23:in `load'
 /home/admin/.rvm/gems/ruby-2.1.1/bin/rackup:23:in `<main>'
 /home/admin/.rvm/gems/ruby-2.1.1/bin/ruby_executable_hooks:15:in `eval'
 /home/admin/.rvm/gems/ruby-2.1.1/bin/ruby_executable_hooks:15:in `<main>'
