# Logfile created on 2014-07-12 21:55:07 +0800 by logger.rb/44203
I, [2014-07-12T21:55:07.901194 #1713]  INFO -- : 0:  rake (10.3.2) from /Users/oranzhang/.rvm/gems/ruby-2.1.0/specifications/rake-10.3.2.gemspec
I, [2014-07-12T21:55:07.901474 #1713]  INFO -- : 0:  i18n (0.6.11) from /Users/oranzhang/.rvm/gems/ruby-2.1.0/specifications/i18n-0.6.11.gemspec
I, [2014-07-12T21:55:07.901659 #1713]  INFO -- : 0:  json (1.8.1) from /Users/oranzhang/.rvm/rubies/ruby-2.1.0/lib/ruby/gems/2.1.0/specifications/default/json-1.8.1.gemspec
I, [2014-07-12T21:55:07.901836 #1713]  INFO -- : 0:  minitest (5.4.0) from /Users/oranzhang/.rvm/gems/ruby-2.1.0/specifications/minitest-5.4.0.gemspec
I, [2014-07-12T21:55:07.902012 #1713]  INFO -- : 0:  thread_safe (0.3.4) from /Users/oranzhang/.rvm/gems/ruby-2.1.0/specifications/thread_safe-0.3.4.gemspec
I, [2014-07-12T21:55:07.920913 #1713]  INFO -- : 0:  tzinfo (1.2.1) from /Users/oranzhang/.rvm/gems/ruby-2.1.0/specifications/tzinfo-1.2.1.gemspec
I, [2014-07-12T21:55:07.921136 #1713]  INFO -- : 0:  activesupport (4.1.4) from /Users/oranzhang/.rvm/gems/ruby-2.1.0/specifications/activesupport-4.1.4.gemspec
I, [2014-07-12T21:55:07.921326 #1713]  INFO -- : 0:  builder (3.2.2) from /Users/oranzhang/.rvm/gems/ruby-2.1.0/specifications/builder-3.2.2.gemspec
I, [2014-07-12T21:55:07.921501 #1713]  INFO -- : 0:  erubis (2.7.0) from /Users/oranzhang/.rvm/gems/ruby-2.1.0/specifications/erubis-2.7.0.gemspec
I, [2014-07-12T21:55:07.921671 #1713]  INFO -- : 0:  actionview (4.1.4) from /Users/oranzhang/.rvm/gems/ruby-2.1.0/specifications/actionview-4.1.4.gemspec
I, [2014-07-12T21:55:07.921841 #1713]  INFO -- : 0:  rack (1.5.2) from /Users/oranzhang/.rvm/gems/ruby-2.1.0/specifications/rack-1.5.2.gemspec
I, [2014-07-12T21:55:07.922010 #1713]  INFO -- : 0:  rack-test (0.6.2) from /Users/oranzhang/.rvm/gems/ruby-2.1.0/specifications/rack-test-0.6.2.gemspec
I, [2014-07-12T21:55:07.922215 #1713]  INFO -- : 0:  actionpack (4.1.4) from /Users/oranzhang/.rvm/gems/ruby-2.1.0/specifications/actionpack-4.1.4.gemspec
E, [2014-07-12T21:55:44.355366 #1713] ERROR -- : Gem::RemoteFetcher::UnknownHostError: no such name (https://rubygems.org/gems/activemodel-4.1.4.gem)
/Users/oranzhang/.rvm/rubies/ruby-2.1.0/lib/ruby/site_ruby/2.1.0/rubygems/remote_fetcher.rb:283:in `rescue in fetch_path'  \n/Users/oranzhang/.rvm/rubies/ruby-2.1.0/lib/ruby/site_ruby/2.1.0/rubygems/remote_fetcher.rb:258:in `fetch_path'  \n/Users/oranzhang/.rvm/rubies/ruby-2.1.0/lib/ruby/site_ruby/2.1.0/rubygems/remote_fetcher.rb:296:in `cache_update_path'  \n/Users/oranzhang/.rvm/rubies/ruby-2.1.0/lib/ruby/site_ruby/2.1.0/rubygems/remote_fetcher.rb:165:in `download'  \n/Users/oranzhang/.rvm/gems/ruby-2.1.0@global/gems/bundler-1.5.1/lib/bundler/rubygems_integration.rb:511:in `download_gem'  \n/Users/oranzhang/.rvm/gems/ruby-2.1.0@global/gems/bundler-1.5.1/lib/bundler/fetcher.rb:41:in `download_gem_from_uri'  \n/Users/oranzhang/.rvm/gems/ruby-2.1.0@global/gems/bundler-1.5.1/lib/bundler/source/rubygems.rb:78:in `install'  \n/Users/oranzhang/.rvm/gems/ruby-2.1.0@global/gems/bundler-1.5.1/lib/bundler/installer.rb:111:in `block in install_gem_from_spec'  \n/Users/oranzhang/.rvm/gems/ruby-2.1.0@global/gems/bundler-1.5.1/lib/bundler/rubygems_integration.rb:150:in `with_build_args'  \n/Users/oranzhang/.rvm/gems/ruby-2.1.0@global/gems/bundler-1.5.1/lib/bundler/installer.rb:110:in `install_gem_from_spec'  \n/Users/oranzhang/.rvm/gems/ruby-2.1.0@global/gems/bundler-1.5.1/lib/bundler/installer.rb:295:in `block in install_sequentially'  \n/Users/oranzhang/.rvm/rubies/ruby-2.1.0/lib/ruby/2.1.0/forwardable.rb:183:in `each'  \n/Users/oranzhang/.rvm/rubies/ruby-2.1.0/lib/ruby/2.1.0/forwardable.rb:183:in `each'  \n/Users/oranzhang/.rvm/gems/ruby-2.1.0@global/gems/bundler-1.5.1/lib/bundler/installer.rb:294:in `install_sequentially'  \n/Users/oranzhang/.rvm/gems/ruby-2.1.0@global/gems/bundler-1.5.1/lib/bundler/installer.rb:97:in `run'  \n/Users/oranzhang/.rvm/gems/ruby-2.1.0@global/gems/bundler-1.5.1/lib/bundler/installer.rb:15:in `install'  \n/Users/oranzhang/.rvm/gems/ruby-2.1.0@global/gems/bundler-1.5.1/lib/bundler/cli.rb:336:in `update'  \n/Users/oranzhang/.rvm/gems/ruby-2.1.0@global/gems/bundler-1.5.1/lib/bundler/vendor/thor/command.rb:27:in `run'  \n/Users/oranzhang/.rvm/gems/ruby-2.1.0@global/gems/bundler-1.5.1/lib/bundler/vendor/thor/invocation.rb:120:in `invoke_command'  \n/Users/oranzhang/.rvm/gems/ruby-2.1.0@global/gems/bundler-1.5.1/lib/bundler/vendor/thor.rb:363:in `dispatch'  \n/Users/oranzhang/.rvm/gems/ruby-2.1.0@global/gems/bundler-1.5.1/lib/bundler/vendor/thor/base.rb:438:in `start'  \n/Users/oranzhang/.rvm/gems/ruby-2.1.0@global/gems/bundler-1.5.1/lib/bundler/cli.rb:10:in `start'  \n/Users/oranzhang/.rvm/gems/ruby-2.1.0@global/gems/bundler-1.5.1/bin/bundle:22:in `block in <top (required)>'  \n/Users/oranzhang/.rvm/gems/ruby-2.1.0@global/gems/bundler-1.5.1/lib/bundler/friendly_errors.rb:5:in `with_friendly_errors'  \n/Users/oranzhang/.rvm/gems/ruby-2.1.0@global/gems/bundler-1.5.1/bin/bundle:22:in `<top (required)>'  \n/Users/oranzhang/.rvm/gems/ruby-2.1.0@global/bin/bundle:23:in `load'  \n/Users/oranzhang/.rvm/gems/ruby-2.1.0@global/bin/bundle:23:in `<main>'  \n/Users/oranzhang/.rvm/gems/ruby-2.1.0/bin/ruby_executable_hooks:15:in `eval'  \n/Users/oranzhang/.rvm/gems/ruby-2.1.0/bin/ruby_executable_hooks:15:in `<main>'
I, [2014-07-12T21:56:43.886638 #1719]  INFO -- : 0:  rake (10.3.2) from /Users/oranzhang/.rvm/gems/ruby-2.1.0/specifications/rake-10.3.2.gemspec
I, [2014-07-12T21:56:43.886933 #1719]  INFO -- : 0:  i18n (0.6.11) from /Users/oranzhang/.rvm/gems/ruby-2.1.0/specifications/i18n-0.6.11.gemspec
I, [2014-07-12T21:56:43.887111 #1719]  INFO -- : 0:  json (1.8.1) from /Users/oranzhang/.rvm/rubies/ruby-2.1.0/lib/ruby/gems/2.1.0/specifications/default/json-1.8.1.gemspec
I, [2014-07-12T21:56:43.887288 #1719]  INFO -- : 0:  minitest (5.4.0) from /Users/oranzhang/.rvm/gems/ruby-2.1.0/specifications/minitest-5.4.0.gemspec
I, [2014-07-12T21:56:43.887466 #1719]  INFO -- : 0:  thread_safe (0.3.4) from /Users/oranzhang/.rvm/gems/ruby-2.1.0/specifications/thread_safe-0.3.4.gemspec
I, [2014-07-12T21:56:43.887631 #1719]  INFO -- : 0:  tzinfo (1.2.1) from /Users/oranzhang/.rvm/gems/ruby-2.1.0/specifications/tzinfo-1.2.1.gemspec
I, [2014-07-12T21:56:43.887799 #1719]  INFO -- : 0:  activesupport (4.1.4) from /Users/oranzhang/.rvm/gems/ruby-2.1.0/specifications/activesupport-4.1.4.gemspec
I, [2014-07-12T21:56:43.887964 #1719]  INFO -- : 0:  builder (3.2.2) from /Users/oranzhang/.rvm/gems/ruby-2.1.0/specifications/builder-3.2.2.gemspec
I, [2014-07-12T21:56:43.888127 #1719]  INFO -- : 0:  erubis (2.7.0) from /Users/oranzhang/.rvm/gems/ruby-2.1.0/specifications/erubis-2.7.0.gemspec
I, [2014-07-12T21:56:43.888287 #1719]  INFO -- : 0:  actionview (4.1.4) from /Users/oranzhang/.rvm/gems/ruby-2.1.0/specifications/actionview-4.1.4.gemspec
I, [2014-07-12T21:56:43.888450 #1719]  INFO -- : 0:  rack (1.5.2) from /Users/oranzhang/.rvm/gems/ruby-2.1.0/specifications/rack-1.5.2.gemspec
I, [2014-07-12T21:56:43.888611 #1719]  INFO -- : 0:  rack-test (0.6.2) from /Users/oranzhang/.rvm/gems/ruby-2.1.0/specifications/rack-test-0.6.2.gemspec
I, [2014-07-12T21:56:43.888778 #1719]  INFO -- : 0:  actionpack (4.1.4) from /Users/oranzhang/.rvm/gems/ruby-2.1.0/specifications/actionpack-4.1.4.gemspec
E, [2014-07-12T21:57:22.136463 #1719] ERROR -- : Gem::RemoteFetcher::UnknownHostError: no such name (https://rubygems.org/gems/activemodel-4.1.4.gem)
/Users/oranzhang/.rvm/rubies/ruby-2.1.0/lib/ruby/site_ruby/2.1.0/rubygems/remote_fetcher.rb:283:in `rescue in fetch_path'  \n/Users/oranzhang/.rvm/rubies/ruby-2.1.0/lib/ruby/site_ruby/2.1.0/rubygems/remote_fetcher.rb:258:in `fetch_path'  \n/Users/oranzhang/.rvm/rubies/ruby-2.1.0/lib/ruby/site_ruby/2.1.0/rubygems/remote_fetcher.rb:296:in `cache_update_path'  \n/Users/oranzhang/.rvm/rubies/ruby-2.1.0/lib/ruby/site_ruby/2.1.0/rubygems/remote_fetcher.rb:165:in `download'  \n/Users/oranzhang/.rvm/gems/ruby-2.1.0@global/gems/bundler-1.5.1/lib/bundler/rubygems_integration.rb:511:in `download_gem'  \n/Users/oranzhang/.rvm/gems/ruby-2.1.0@global/gems/bundler-1.5.1/lib/bundler/fetcher.rb:41:in `download_gem_from_uri'  \n/Users/oranzhang/.rvm/gems/ruby-2.1.0@global/gems/bundler-1.5.1/lib/bundler/source/rubygems.rb:78:in `install'  \n/Users/oranzhang/.rvm/gems/ruby-2.1.0@global/gems/bundler-1.5.1/lib/bundler/installer.rb:111:in `block in install_gem_from_spec'  \n/Users/oranzhang/.rvm/gems/ruby-2.1.0@global/gems/bundler-1.5.1/lib/bundler/rubygems_integration.rb:150:in `with_build_args'  \n/Users/oranzhang/.rvm/gems/ruby-2.1.0@global/gems/bundler-1.5.1/lib/bundler/installer.rb:110:in `install_gem_from_spec'  \n/Users/oranzhang/.rvm/gems/ruby-2.1.0@global/gems/bundler-1.5.1/lib/bundler/installer.rb:295:in `block in install_sequentially'  \n/Users/oranzhang/.rvm/rubies/ruby-2.1.0/lib/ruby/2.1.0/forwardable.rb:183:in `each'  \n/Users/oranzhang/.rvm/rubies/ruby-2.1.0/lib/ruby/2.1.0/forwardable.rb:183:in `each'  \n/Users/oranzhang/.rvm/gems/ruby-2.1.0@global/gems/bundler-1.5.1/lib/bundler/installer.rb:294:in `install_sequentially'  \n/Users/oranzhang/.rvm/gems/ruby-2.1.0@global/gems/bundler-1.5.1/lib/bundler/installer.rb:97:in `run'  \n/Users/oranzhang/.rvm/gems/ruby-2.1.0@global/gems/bundler-1.5.1/lib/bundler/installer.rb:15:in `install'  \n/Users/oranzhang/.rvm/gems/ruby-2.1.0@global/gems/bundler-1.5.1/lib/bundler/cli.rb:336:in `update'  \n/Users/oranzhang/.rvm/gems/ruby-2.1.0@global/gems/bundler-1.5.1/lib/bundler/vendor/thor/command.rb:27:in `run'  \n/Users/oranzhang/.rvm/gems/ruby-2.1.0@global/gems/bundler-1.5.1/lib/bundler/vendor/thor/invocation.rb:120:in `invoke_command'  \n/Users/oranzhang/.rvm/gems/ruby-2.1.0@global/gems/bundler-1.5.1/lib/bundler/vendor/thor.rb:363:in `dispatch'  \n/Users/oranzhang/.rvm/gems/ruby-2.1.0@global/gems/bundler-1.5.1/lib/bundler/vendor/thor/base.rb:438:in `start'  \n/Users/oranzhang/.rvm/gems/ruby-2.1.0@global/gems/bundler-1.5.1/lib/bundler/cli.rb:10:in `start'  \n/Users/oranzhang/.rvm/gems/ruby-2.1.0@global/gems/bundler-1.5.1/bin/bundle:22:in `block in <top (required)>'  \n/Users/oranzhang/.rvm/gems/ruby-2.1.0@global/gems/bundler-1.5.1/lib/bundler/friendly_errors.rb:5:in `with_friendly_errors'  \n/Users/oranzhang/.rvm/gems/ruby-2.1.0@global/gems/bundler-1.5.1/bin/bundle:22:in `<top (required)>'  \n/Users/oranzhang/.rvm/gems/ruby-2.1.0@global/bin/bundle:23:in `load'  \n/Users/oranzhang/.rvm/gems/ruby-2.1.0@global/bin/bundle:23:in `<main>'  \n/Users/oranzhang/.rvm/gems/ruby-2.1.0/bin/ruby_executable_hooks:15:in `eval'  \n/Users/oranzhang/.rvm/gems/ruby-2.1.0/bin/ruby_executable_hooks:15:in `<main>'
I, [2014-07-12T22:00:58.550990 #1739]  INFO -- : 0:  rake (10.3.2) from /Users/oranzhang/.rvm/gems/ruby-2.1.0/specifications/rake-10.3.2.gemspec
I, [2014-07-12T22:00:58.551351 #1739]  INFO -- : 0:  i18n (0.6.11) from /Users/oranzhang/.rvm/gems/ruby-2.1.0/specifications/i18n-0.6.11.gemspec
I, [2014-07-12T22:00:58.551660 #1739]  INFO -- : 0:  json (1.8.1) from /Users/oranzhang/.rvm/rubies/ruby-2.1.0/lib/ruby/gems/2.1.0/specifications/default/json-1.8.1.gemspec
I, [2014-07-12T22:00:58.551883 #1739]  INFO -- : 0:  minitest (5.4.0) from /Users/oranzhang/.rvm/gems/ruby-2.1.0/specifications/minitest-5.4.0.gemspec
I, [2014-07-12T22:00:58.552107 #1739]  INFO -- : 0:  thread_safe (0.3.4) from /Users/oranzhang/.rvm/gems/ruby-2.1.0/specifications/thread_safe-0.3.4.gemspec
I, [2014-07-12T22:00:58.552327 #1739]  INFO -- : 0:  tzinfo (1.2.1) from /Users/oranzhang/.rvm/gems/ruby-2.1.0/specifications/tzinfo-1.2.1.gemspec
I, [2014-07-12T22:00:58.552554 #1739]  INFO -- : 0:  activesupport (4.1.4) from /Users/oranzhang/.rvm/gems/ruby-2.1.0/specifications/activesupport-4.1.4.gemspec
I, [2014-07-12T22:00:58.552770 #1739]  INFO -- : 0:  builder (3.2.2) from /Users/oranzhang/.rvm/gems/ruby-2.1.0/specifications/builder-3.2.2.gemspec
I, [2014-07-12T22:00:58.552982 #1739]  INFO -- : 0:  erubis (2.7.0) from /Users/oranzhang/.rvm/gems/ruby-2.1.0/specifications/erubis-2.7.0.gemspec
I, [2014-07-12T22:00:58.553194 #1739]  INFO -- : 0:  actionview (4.1.4) from /Users/oranzhang/.rvm/gems/ruby-2.1.0/specifications/actionview-4.1.4.gemspec
I, [2014-07-12T22:00:58.553411 #1739]  INFO -- : 0:  rack (1.5.2) from /Users/oranzhang/.rvm/gems/ruby-2.1.0/specifications/rack-1.5.2.gemspec
I, [2014-07-12T22:00:58.553629 #1739]  INFO -- : 0:  rack-test (0.6.2) from /Users/oranzhang/.rvm/gems/ruby-2.1.0/specifications/rack-test-0.6.2.gemspec
I, [2014-07-12T22:00:58.553851 #1739]  INFO -- : 0:  actionpack (4.1.4) from /Users/oranzhang/.rvm/gems/ruby-2.1.0/specifications/actionpack-4.1.4.gemspec
I, [2014-07-12T22:00:58.554086 #1739]  INFO -- : 0:  activemodel (4.1.4) from /Users/oranzhang/.rvm/gems/ruby-2.1.0/specifications/activemodel-4.1.4.gemspec
E, [2014-07-12T22:01:35.618427 #1739] ERROR -- : Gem::RemoteFetcher::UnknownHostError: no such name (https://rubygems.org/gems/bson-2.3.0.gem)
/Users/oranzhang/.rvm/rubies/ruby-2.1.0/lib/ruby/site_ruby/2.1.0/rubygems/remote_fetcher.rb:283:in `rescue in fetch_path'  \n/Users/oranzhang/.rvm/rubies/ruby-2.1.0/lib/ruby/site_ruby/2.1.0/rubygems/remote_fetcher.rb:258:in `fetch_path'  \n/Users/oranzhang/.rvm/rubies/ruby-2.1.0/lib/ruby/site_ruby/2.1.0/rubygems/remote_fetcher.rb:296:in `cache_update_path'  \n/Users/oranzhang/.rvm/rubies/ruby-2.1.0/lib/ruby/site_ruby/2.1.0/rubygems/remote_fetcher.rb:165:in `download'  \n/Users/oranzhang/.rvm/gems/ruby-2.1.0@global/gems/bundler-1.5.1/lib/bundler/rubygems_integration.rb:511:in `download_gem'  \n/Users/oranzhang/.rvm/gems/ruby-2.1.0@global/gems/bundler-1.5.1/lib/bundler/fetcher.rb:41:in `download_gem_from_uri'  \n/Users/oranzhang/.rvm/gems/ruby-2.1.0@global/gems/bundler-1.5.1/lib/bundler/source/rubygems.rb:78:in `install'  \n/Users/oranzhang/.rvm/gems/ruby-2.1.0@global/gems/bundler-1.5.1/lib/bundler/installer.rb:111:in `block in install_gem_from_spec'  \n/Users/oranzhang/.rvm/gems/ruby-2.1.0@global/gems/bundler-1.5.1/lib/bundler/rubygems_integration.rb:150:in `with_build_args'  \n/Users/oranzhang/.rvm/gems/ruby-2.1.0@global/gems/bundler-1.5.1/lib/bundler/installer.rb:110:in `install_gem_from_spec'  \n/Users/oranzhang/.rvm/gems/ruby-2.1.0@global/gems/bundler-1.5.1/lib/bundler/installer.rb:295:in `block in install_sequentially'  \n/Users/oranzhang/.rvm/rubies/ruby-2.1.0/lib/ruby/2.1.0/forwardable.rb:183:in `each'  \n/Users/oranzhang/.rvm/rubies/ruby-2.1.0/lib/ruby/2.1.0/forwardable.rb:183:in `each'  \n/Users/oranzhang/.rvm/gems/ruby-2.1.0@global/gems/bundler-1.5.1/lib/bundler/installer.rb:294:in `install_sequentially'  \n/Users/oranzhang/.rvm/gems/ruby-2.1.0@global/gems/bundler-1.5.1/lib/bundler/installer.rb:97:in `run'  \n/Users/oranzhang/.rvm/gems/ruby-2.1.0@global/gems/bundler-1.5.1/lib/bundler/installer.rb:15:in `install'  \n/Users/oranzhang/.rvm/gems/ruby-2.1.0@global/gems/bundler-1.5.1/lib/bundler/cli.rb:336:in `update'  \n/Users/oranzhang/.rvm/gems/ruby-2.1.0@global/gems/bundler-1.5.1/lib/bundler/vendor/thor/command.rb:27:in `run'  \n/Users/oranzhang/.rvm/gems/ruby-2.1.0@global/gems/bundler-1.5.1/lib/bundler/vendor/thor/invocation.rb:120:in `invoke_command'  \n/Users/oranzhang/.rvm/gems/ruby-2.1.0@global/gems/bundler-1.5.1/lib/bundler/vendor/thor.rb:363:in `dispatch'  \n/Users/oranzhang/.rvm/gems/ruby-2.1.0@global/gems/bundler-1.5.1/lib/bundler/vendor/thor/base.rb:438:in `start'  \n/Users/oranzhang/.rvm/gems/ruby-2.1.0@global/gems/bundler-1.5.1/lib/bundler/cli.rb:10:in `start'  \n/Users/oranzhang/.rvm/gems/ruby-2.1.0@global/gems/bundler-1.5.1/bin/bundle:22:in `block in <top (required)>'  \n/Users/oranzhang/.rvm/gems/ruby-2.1.0@global/gems/bundler-1.5.1/lib/bundler/friendly_errors.rb:5:in `with_friendly_errors'  \n/Users/oranzhang/.rvm/gems/ruby-2.1.0@global/gems/bundler-1.5.1/bin/bundle:22:in `<top (required)>'  \n/Users/oranzhang/.rvm/gems/ruby-2.1.0@global/bin/bundle:23:in `load'  \n/Users/oranzhang/.rvm/gems/ruby-2.1.0@global/bin/bundle:23:in `<main>'  \n/Users/oranzhang/.rvm/gems/ruby-2.1.0/bin/ruby_executable_hooks:15:in `eval'  \n/Users/oranzhang/.rvm/gems/ruby-2.1.0/bin/ruby_executable_hooks:15:in `<main>'
I, [2014-07-12T22:02:43.964238 #1762]  INFO -- : 0:  rake (10.3.2) from /Users/oranzhang/.rvm/gems/ruby-2.1.0/specifications/rake-10.3.2.gemspec
I, [2014-07-12T22:02:43.964532 #1762]  INFO -- : 0:  i18n (0.6.11) from /Users/oranzhang/.rvm/gems/ruby-2.1.0/specifications/i18n-0.6.11.gemspec
I, [2014-07-12T22:02:43.964711 #1762]  INFO -- : 0:  json (1.8.1) from /Users/oranzhang/.rvm/rubies/ruby-2.1.0/lib/ruby/gems/2.1.0/specifications/default/json-1.8.1.gemspec
I, [2014-07-12T22:02:43.964889 #1762]  INFO -- : 0:  minitest (5.4.0) from /Users/oranzhang/.rvm/gems/ruby-2.1.0/specifications/minitest-5.4.0.gemspec
I, [2014-07-12T22:02:43.965062 #1762]  INFO -- : 0:  thread_safe (0.3.4) from /Users/oranzhang/.rvm/gems/ruby-2.1.0/specifications/thread_safe-0.3.4.gemspec
I, [2014-07-12T22:02:43.965236 #1762]  INFO -- : 0:  tzinfo (1.2.1) from /Users/oranzhang/.rvm/gems/ruby-2.1.0/specifications/tzinfo-1.2.1.gemspec
I, [2014-07-12T22:02:43.965410 #1762]  INFO -- : 0:  activesupport (4.1.4) from /Users/oranzhang/.rvm/gems/ruby-2.1.0/specifications/activesupport-4.1.4.gemspec
I, [2014-07-12T22:02:43.965594 #1762]  INFO -- : 0:  builder (3.2.2) from /Users/oranzhang/.rvm/gems/ruby-2.1.0/specifications/builder-3.2.2.gemspec
I, [2014-07-12T22:02:43.965761 #1762]  INFO -- : 0:  erubis (2.7.0) from /Users/oranzhang/.rvm/gems/ruby-2.1.0/specifications/erubis-2.7.0.gemspec
I, [2014-07-12T22:02:43.965935 #1762]  INFO -- : 0:  actionview (4.1.4) from /Users/oranzhang/.rvm/gems/ruby-2.1.0/specifications/actionview-4.1.4.gemspec
I, [2014-07-12T22:02:43.966098 #1762]  INFO -- : 0:  rack (1.5.2) from /Users/oranzhang/.rvm/gems/ruby-2.1.0/specifications/rack-1.5.2.gemspec
I, [2014-07-12T22:02:43.966262 #1762]  INFO -- : 0:  rack-test (0.6.2) from /Users/oranzhang/.rvm/gems/ruby-2.1.0/specifications/rack-test-0.6.2.gemspec
I, [2014-07-12T22:02:43.966426 #1762]  INFO -- : 0:  actionpack (4.1.4) from /Users/oranzhang/.rvm/gems/ruby-2.1.0/specifications/actionpack-4.1.4.gemspec
I, [2014-07-12T22:02:43.966604 #1762]  INFO -- : 0:  activemodel (4.1.4) from /Users/oranzhang/.rvm/gems/ruby-2.1.0/specifications/activemodel-4.1.4.gemspec
I, [2014-07-12T22:02:51.536784 #1762]  INFO -- : 0:  bson (2.3.0) from /Users/oranzhang/.rvm/gems/ruby-2.1.0/specifications/bson-2.3.0.gemspec
I, [2014-07-12T22:02:51.537277 #1762]  INFO -- : 0:  bundler (1.5.1) from /Users/oranzhang/.rvm/gems/ruby-2.1.0@global/specifications/bundler-1.5.1.gemspec
I, [2014-07-12T22:02:56.441558 #1762]  INFO -- : 0:  connection_pool (2.0.0) from /Users/oranzhang/.rvm/gems/ruby-2.1.0/specifications/connection_pool-2.0.0.gemspec
I, [2014-07-12T22:02:56.441927 #1762]  INFO -- : 0:  daemons (1.1.9) from /Users/oranzhang/.rvm/gems/ruby-2.1.0/specifications/daemons-1.1.9.gemspec
I, [2014-07-12T22:02:56.442166 #1762]  INFO -- : 0:  eventmachine (1.0.3) from /Users/oranzhang/.rvm/gems/ruby-2.1.0/specifications/eventmachine-1.0.3.gemspec
I, [2014-07-12T22:02:56.442390 #1762]  INFO -- : 0:  url_mount (0.2.1) from /Users/oranzhang/.rvm/gems/ruby-2.1.0/specifications/url_mount-0.2.1.gemspec
I, [2014-07-12T22:02:56.442620 #1762]  INFO -- : 0:  http_router (0.11.1) from /Users/oranzhang/.rvm/gems/ruby-2.1.0/specifications/http_router-0.11.1.gemspec
I, [2014-07-12T22:02:56.959815 #1762]  INFO -- : 0:  kaminari (0.16.1) from /Users/oranzhang/.rvm/gems/ruby-2.1.0/specifications/kaminari-0.16.1.gemspec
I, [2014-07-12T22:02:56.960204 #1762]  INFO -- : 0:  mime-types (1.25.1) from /Users/oranzhang/.rvm/gems/ruby-2.1.0/specifications/mime-types-1.25.1.gemspec
I, [2014-07-12T22:02:56.960445 #1762]  INFO -- : 0:  polyglot (0.3.5) from /Users/oranzhang/.rvm/gems/ruby-2.1.0/specifications/polyglot-0.3.5.gemspec
I, [2014-07-12T22:02:56.960679 #1762]  INFO -- : 0:  treetop (1.4.15) from /Users/oranzhang/.rvm/gems/ruby-2.1.0/specifications/treetop-1.4.15.gemspec
I, [2014-07-12T22:02:56.960908 #1762]  INFO -- : 0:  mail (2.5.4) from /Users/oranzhang/.rvm/gems/ruby-2.1.0/specifications/mail-2.5.4.gemspec
I, [2014-07-12T22:02:56.961153 #1762]  INFO -- : 0:  moneta (0.7.20) from /Users/oranzhang/.rvm/gems/ruby-2.1.0/specifications/moneta-0.7.20.gemspec
I, [2014-07-12T22:02:57.430933 #1762]  INFO -- : 0:  optionable (0.2.0) from /Users/oranzhang/.rvm/gems/ruby-2.1.0/specifications/optionable-0.2.0.gemspec
I, [2014-07-12T22:02:57.810647 #1762]  INFO -- : 0:  moped (2.0.0) from /Users/oranzhang/.rvm/gems/ruby-2.1.0/specifications/moped-2.0.0.gemspec
I, [2014-07-12T22:02:58.122750 #1762]  INFO -- : 0:  origin (2.1.1) from /Users/oranzhang/.rvm/gems/ruby-2.1.0/specifications/origin-2.1.1.gemspec
I, [2014-07-12T22:02:59.049490 #1762]  INFO -- : 0:  mongoid (4.0.0) from /Users/oranzhang/.rvm/gems/ruby-2.1.0/specifications/mongoid-4.0.0.gemspec
I, [2014-07-12T22:02:59.049816 #1762]  INFO -- : 0:  padrino-support (0.12.2) from /Users/oranzhang/.rvm/gems/ruby-2.1.0/specifications/padrino-support-0.12.2.gemspec
I, [2014-07-12T22:02:59.050034 #1762]  INFO -- : 0:  rack-protection (1.5.3) from /Users/oranzhang/.rvm/gems/ruby-2.1.0/specifications/rack-protection-1.5.3.gemspec
I, [2014-07-12T22:02:59.050246 #1762]  INFO -- : 0:  tilt (1.4.1) from /Users/oranzhang/.rvm/gems/ruby-2.1.0/specifications/tilt-1.4.1.gemspec
I, [2014-07-12T22:02:59.050456 #1762]  INFO -- : 0:  sinatra (1.4.5) from /Users/oranzhang/.rvm/gems/ruby-2.1.0/specifications/sinatra-1.4.5.gemspec
I, [2014-07-12T22:02:59.050661 #1762]  INFO -- : 0:  thor (0.18.1) from /Users/oranzhang/.rvm/gems/ruby-2.1.0/specifications/thor-0.18.1.gemspec
I, [2014-07-12T22:02:59.050864 #1762]  INFO -- : 0:  padrino-core (0.12.2) from /Users/oranzhang/.rvm/gems/ruby-2.1.0/specifications/padrino-core-0.12.2.gemspec
I, [2014-07-12T22:02:59.051065 #1762]  INFO -- : 0:  padrino-helpers (0.12.2) from /Users/oranzhang/.rvm/gems/ruby-2.1.0/specifications/padrino-helpers-0.12.2.gemspec
I, [2014-07-12T22:02:59.051265 #1762]  INFO -- : 0:  padrino-admin (0.12.2) from /Users/oranzhang/.rvm/gems/ruby-2.1.0/specifications/padrino-admin-0.12.2.gemspec
I, [2014-07-12T22:02:59.051465 #1762]  INFO -- : 0:  padrino-cache (0.12.2) from /Users/oranzhang/.rvm/gems/ruby-2.1.0/specifications/padrino-cache-0.12.2.gemspec
I, [2014-07-12T22:02:59.051664 #1762]  INFO -- : 0:  padrino-gen (0.12.2) from /Users/oranzhang/.rvm/gems/ruby-2.1.0/specifications/padrino-gen-0.12.2.gemspec
I, [2014-07-12T22:02:59.051864 #1762]  INFO -- : 0:  padrino-mailer (0.12.2) from /Users/oranzhang/.rvm/gems/ruby-2.1.0/specifications/padrino-mailer-0.12.2.gemspec
I, [2014-07-12T22:02:59.052065 #1762]  INFO -- : 0:  padrino (0.12.2) from /Users/oranzhang/.rvm/gems/ruby-2.1.0/specifications/padrino-0.12.2.gemspec
I, [2014-07-12T22:02:59.052268 #1762]  INFO -- : 0:  temple (0.6.8) from /Users/oranzhang/.rvm/gems/ruby-2.1.0/specifications/temple-0.6.8.gemspec
I, [2014-07-12T22:02:59.052470 #1762]  INFO -- : 0:  slim (2.0.3) from /Users/oranzhang/.rvm/gems/ruby-2.1.0/specifications/slim-2.0.3.gemspec
I, [2014-07-12T22:02:59.052672 #1762]  INFO -- : 0:  thin (1.6.2) from /Users/oranzhang/.rvm/gems/ruby-2.1.0/specifications/thin-1.6.2.gemspec
I, [2014-07-13T15:52:21.394647 #4024]  INFO -- : 0:  rake (10.3.2) from /Users/oranzhang/.rvm/gems/ruby-2.1.0/specifications/rake-10.3.2.gemspec
I, [2014-07-13T15:52:24.094381 #4024]  INFO -- : 0:  Platform (0.4.0) from /Users/oranzhang/.rvm/gems/ruby-2.1.0/specifications/Platform-0.4.0.gemspec
I, [2014-07-13T15:52:25.895398 #4024]  INFO -- : 0:  open4 (1.3.4) from /Users/oranzhang/.rvm/gems/ruby-2.1.0/specifications/open4-1.3.4.gemspec
I, [2014-07-13T15:52:26.206789 #4024]  INFO -- : 0:  POpen4 (0.1.4) from /Users/oranzhang/.rvm/gems/ruby-2.1.0/specifications/POpen4-0.1.4.gemspec
I, [2014-07-13T15:52:26.207113 #4024]  INFO -- : 0:  i18n (0.6.11) from /Users/oranzhang/.rvm/gems/ruby-2.1.0/specifications/i18n-0.6.11.gemspec
I, [2014-07-13T15:52:26.207322 #4024]  INFO -- : 0:  json (1.8.1) from /Users/oranzhang/.rvm/rubies/ruby-2.1.0/lib/ruby/gems/2.1.0/specifications/default/json-1.8.1.gemspec
I, [2014-07-13T15:52:26.207539 #4024]  INFO -- : 0:  minitest (5.4.0) from /Users/oranzhang/.rvm/gems/ruby-2.1.0/specifications/minitest-5.4.0.gemspec
I, [2014-07-13T15:52:26.207752 #4024]  INFO -- : 0:  thread_safe (0.3.4) from /Users/oranzhang/.rvm/gems/ruby-2.1.0/specifications/thread_safe-0.3.4.gemspec
I, [2014-07-13T15:52:26.207962 #4024]  INFO -- : 0:  tzinfo (1.2.1) from /Users/oranzhang/.rvm/gems/ruby-2.1.0/specifications/tzinfo-1.2.1.gemspec
I, [2014-07-13T15:52:26.208174 #4024]  INFO -- : 0:  activesupport (4.1.4) from /Users/oranzhang/.rvm/gems/ruby-2.1.0/specifications/activesupport-4.1.4.gemspec
I, [2014-07-13T15:52:26.208380 #4024]  INFO -- : 0:  builder (3.2.2) from /Users/oranzhang/.rvm/gems/ruby-2.1.0/specifications/builder-3.2.2.gemspec
I, [2014-07-13T15:52:26.208582 #4024]  INFO -- : 0:  erubis (2.7.0) from /Users/oranzhang/.rvm/gems/ruby-2.1.0/specifications/erubis-2.7.0.gemspec
I, [2014-07-13T15:52:26.208782 #4024]  INFO -- : 0:  actionview (4.1.4) from /Users/oranzhang/.rvm/gems/ruby-2.1.0/specifications/actionview-4.1.4.gemspec
I, [2014-07-13T15:52:26.208980 #4024]  INFO -- : 0:  rack (1.5.2) from /Users/oranzhang/.rvm/gems/ruby-2.1.0/specifications/rack-1.5.2.gemspec
I, [2014-07-13T15:52:26.209181 #4024]  INFO -- : 0:  rack-test (0.6.2) from /Users/oranzhang/.rvm/gems/ruby-2.1.0/specifications/rack-test-0.6.2.gemspec
I, [2014-07-13T15:52:26.209384 #4024]  INFO -- : 0:  actionpack (4.1.4) from /Users/oranzhang/.rvm/gems/ruby-2.1.0/specifications/actionpack-4.1.4.gemspec
I, [2014-07-13T15:52:26.209590 #4024]  INFO -- : 0:  activemodel (4.1.4) from /Users/oranzhang/.rvm/gems/ruby-2.1.0/specifications/activemodel-4.1.4.gemspec
I, [2014-07-13T15:52:26.209792 #4024]  INFO -- : 0:  bson (2.3.0) from /Users/oranzhang/.rvm/gems/ruby-2.1.0/specifications/bson-2.3.0.gemspec
I, [2014-07-13T15:52:26.209998 #4024]  INFO -- : 0:  bundler (1.5.1) from /Users/oranzhang/.rvm/gems/ruby-2.1.0@global/specifications/bundler-1.5.1.gemspec
I, [2014-07-13T15:52:26.210172 #4024]  INFO -- : 0:  connection_pool (2.0.0) from /Users/oranzhang/.rvm/gems/ruby-2.1.0/specifications/connection_pool-2.0.0.gemspec
I, [2014-07-13T15:52:26.210339 #4024]  INFO -- : 0:  daemons (1.1.9) from /Users/oranzhang/.rvm/gems/ruby-2.1.0/specifications/daemons-1.1.9.gemspec
I, [2014-07-13T15:52:26.210527 #4024]  INFO -- : 0:  eventmachine (1.0.3) from /Users/oranzhang/.rvm/gems/ruby-2.1.0/specifications/eventmachine-1.0.3.gemspec
I, [2014-07-13T15:52:26.518593 #4024]  INFO -- : 0:  execjs (2.2.1) from /Users/oranzhang/.rvm/gems/ruby-2.1.0/specifications/execjs-2.2.1.gemspec
I, [2014-07-13T15:52:26.518918 #4024]  INFO -- : 0:  hike (1.2.3) from /Users/oranzhang/.rvm/gems/ruby-2.1.0/specifications/hike-1.2.3.gemspec
I, [2014-07-13T15:52:26.519127 #4024]  INFO -- : 0:  url_mount (0.2.1) from /Users/oranzhang/.rvm/gems/ruby-2.1.0/specifications/url_mount-0.2.1.gemspec
I, [2014-07-13T15:52:26.519338 #4024]  INFO -- : 0:  http_router (0.11.1) from /Users/oranzhang/.rvm/gems/ruby-2.1.0/specifications/http_router-0.11.1.gemspec
I, [2014-07-13T15:52:26.519547 #4024]  INFO -- : 0:  kaminari (0.16.1) from /Users/oranzhang/.rvm/gems/ruby-2.1.0/specifications/kaminari-0.16.1.gemspec
I, [2014-07-13T15:52:26.519755 #4024]  INFO -- : 0:  mime-types (1.25.1) from /Users/oranzhang/.rvm/gems/ruby-2.1.0/specifications/mime-types-1.25.1.gemspec
I, [2014-07-13T15:52:26.519963 #4024]  INFO -- : 0:  polyglot (0.3.5) from /Users/oranzhang/.rvm/gems/ruby-2.1.0/specifications/polyglot-0.3.5.gemspec
I, [2014-07-13T15:52:26.520167 #4024]  INFO -- : 0:  treetop (1.4.15) from /Users/oranzhang/.rvm/gems/ruby-2.1.0/specifications/treetop-1.4.15.gemspec
I, [2014-07-13T15:52:26.520369 #4024]  INFO -- : 0:  mail (2.5.4) from /Users/oranzhang/.rvm/gems/ruby-2.1.0/specifications/mail-2.5.4.gemspec
I, [2014-07-13T15:52:26.520570 #4024]  INFO -- : 0:  moneta (0.7.20) from /Users/oranzhang/.rvm/gems/ruby-2.1.0/specifications/moneta-0.7.20.gemspec
I, [2014-07-13T15:52:26.520817 #4024]  INFO -- : 0:  optionable (0.2.0) from /Users/oranzhang/.rvm/gems/ruby-2.1.0/specifications/optionable-0.2.0.gemspec
I, [2014-07-13T15:52:26.521025 #4024]  INFO -- : 0:  moped (2.0.0) from /Users/oranzhang/.rvm/gems/ruby-2.1.0/specifications/moped-2.0.0.gemspec
I, [2014-07-13T15:52:26.521228 #4024]  INFO -- : 0:  origin (2.1.1) from /Users/oranzhang/.rvm/gems/ruby-2.1.0/specifications/origin-2.1.1.gemspec
I, [2014-07-13T15:52:26.521437 #4024]  INFO -- : 0:  mongoid (4.0.0) from /Users/oranzhang/.rvm/gems/ruby-2.1.0/specifications/mongoid-4.0.0.gemspec
I, [2014-07-13T15:52:26.521638 #4024]  INFO -- : 0:  multi_json (1.10.1) from /Users/oranzhang/.rvm/gems/ruby-2.1.0/specifications/multi_json-1.10.1.gemspec
I, [2014-07-13T15:52:26.521854 #4024]  INFO -- : 0:  padrino-support (0.12.2) from /Users/oranzhang/.rvm/gems/ruby-2.1.0/specifications/padrino-support-0.12.2.gemspec
I, [2014-07-13T15:52:26.522067 #4024]  INFO -- : 0:  rack-protection (1.5.3) from /Users/oranzhang/.rvm/gems/ruby-2.1.0/specifications/rack-protection-1.5.3.gemspec
I, [2014-07-13T15:52:26.522281 #4024]  INFO -- : 0:  tilt (1.4.1) from /Users/oranzhang/.rvm/gems/ruby-2.1.0/specifications/tilt-1.4.1.gemspec
I, [2014-07-13T15:52:26.522500 #4024]  INFO -- : 0:  sinatra (1.4.5) from /Users/oranzhang/.rvm/gems/ruby-2.1.0/specifications/sinatra-1.4.5.gemspec
I, [2014-07-13T15:52:26.522709 #4024]  INFO -- : 0:  thor (0.18.1) from /Users/oranzhang/.rvm/gems/ruby-2.1.0/specifications/thor-0.18.1.gemspec
I, [2014-07-13T15:52:26.522918 #4024]  INFO -- : 0:  padrino-core (0.12.2) from /Users/oranzhang/.rvm/gems/ruby-2.1.0/specifications/padrino-core-0.12.2.gemspec
I, [2014-07-13T15:52:26.523208 #4024]  INFO -- : 0:  padrino-helpers (0.12.2) from /Users/oranzhang/.rvm/gems/ruby-2.1.0/specifications/padrino-helpers-0.12.2.gemspec
I, [2014-07-13T15:52:26.523460 #4024]  INFO -- : 0:  padrino-admin (0.12.2) from /Users/oranzhang/.rvm/gems/ruby-2.1.0/specifications/padrino-admin-0.12.2.gemspec
I, [2014-07-13T15:52:26.523656 #4024]  INFO -- : 0:  padrino-cache (0.12.2) from /Users/oranzhang/.rvm/gems/ruby-2.1.0/specifications/padrino-cache-0.12.2.gemspec
I, [2014-07-13T15:52:26.523861 #4024]  INFO -- : 0:  padrino-gen (0.12.2) from /Users/oranzhang/.rvm/gems/ruby-2.1.0/specifications/padrino-gen-0.12.2.gemspec
I, [2014-07-13T15:52:26.524058 #4024]  INFO -- : 0:  padrino-mailer (0.12.2) from /Users/oranzhang/.rvm/gems/ruby-2.1.0/specifications/padrino-mailer-0.12.2.gemspec
I, [2014-07-13T15:52:26.524266 #4024]  INFO -- : 0:  padrino (0.12.2) from /Users/oranzhang/.rvm/gems/ruby-2.1.0/specifications/padrino-0.12.2.gemspec
I, [2014-07-13T15:52:26.999627 #4024]  INFO -- : 0:  sprockets (2.12.1) from /Users/oranzhang/.rvm/gems/ruby-2.1.0/specifications/sprockets-2.12.1.gemspec
I, [2014-07-13T15:52:27.033206 #4024]  INFO -- : 0:  padrino-sprockets (0.0.3) from /Users/oranzhang/.rvm/gems/ruby-2.1.0/bundler/gems/padrino-sprockets-ae18862677fe/padrino-sprockets.gemspec
I, [2014-07-13T15:52:27.033476 #4024]  INFO -- : 0:  temple (0.6.8) from /Users/oranzhang/.rvm/gems/ruby-2.1.0/specifications/temple-0.6.8.gemspec
I, [2014-07-13T15:52:27.033659 #4024]  INFO -- : 0:  slim (2.0.3) from /Users/oranzhang/.rvm/gems/ruby-2.1.0/specifications/slim-2.0.3.gemspec
I, [2014-07-13T15:52:27.033835 #4024]  INFO -- : 0:  thin (1.6.2) from /Users/oranzhang/.rvm/gems/ruby-2.1.0/specifications/thin-1.6.2.gemspec
I, [2014-07-13T15:52:27.433511 #4024]  INFO -- : 0:  uglifier (2.1.1) from /Users/oranzhang/.rvm/gems/ruby-2.1.0/specifications/uglifier-2.1.1.gemspec
I, [2014-07-13T15:52:28.146509 #4024]  INFO -- : 0:  yui-compressor (0.9.6) from /Users/oranzhang/.rvm/gems/ruby-2.1.0/specifications/yui-compressor-0.9.6.gemspec
